Using pre-set license
Built from '2020.3/staging' branch; Version is '2020.3.3f1 (76626098c1c4) revision 7758432'; Using compiler version '192528614'; Build Type 'Release'
OS: 'Windows 10 Home; OS build 19042.928; Version 2009; 64bit' Language: 'en' Physical Memory: 32644 MB
BatchMode: 1, IsHumanControllingUs: 0, StartBugReporterOnCrash: 0, Is64bit: 1, IsPro: 0

 COMMAND LINE ARGUMENTS:
C:\Program Files\Unity\Hub\Editor\2020.3.3f1\Editor\Unity.exe
-adb2
-batchMode
-noUpm
-name
AssetImportWorker0
-projectPath
B:/repos/UnityReference/UnityReferenceProject
-logFile
Logs/AssetImportWorker0.log
-srvPort
51947
Successfully changed project path to: B:/repos/UnityReference/UnityReferenceProject
B:/repos/UnityReference/UnityReferenceProject
Using Asset Import Pipeline V2.
Refreshing native plugins compatible for Editor in 78.84 ms, found 1 plugins.
Preloading 0 native plugins for Editor in 0.00 ms.
Initialize engine version: 2020.3.3f1 (76626098c1c4)
[Subsystems] Discovering subsystems at path C:/Program Files/Unity/Hub/Editor/2020.3.3f1/Editor/Data/Resources/UnitySubsystems
[Subsystems] Discovering subsystems at path B:/repos/UnityReference/UnityReferenceProject/Assets
GfxDevice: creating device client; threaded=0
Direct3D:
    Version:  Direct3D 11.0 [level 11.1]
    Renderer: NVIDIA GeForce GTX 1060 (ID=0x1c20)
    Vendor:   
    VRAM:     6052 MB
    Driver:   25.21.14.1972
Shader 'Universal Render Pipeline/Particles/Lit': fallback shader 'Universal Render Pipeline/Particles/SimpleLit' not found
Initialize mono
Mono path[0] = 'C:/Program Files/Unity/Hub/Editor/2020.3.3f1/Editor/Data/Managed'
Mono path[1] = 'C:/Program Files/Unity/Hub/Editor/2020.3.3f1/Editor/Data/MonoBleedingEdge/lib/mono/unityjit'
Mono config path = 'C:/Program Files/Unity/Hub/Editor/2020.3.3f1/Editor/Data/MonoBleedingEdge/etc'
Using monoOptions --debugger-agent=transport=dt_socket,embedding=1,server=y,suspend=n,address=127.0.0.1:56252
Begin MonoManager ReloadAssembly
Registering precompiled unity dll's ...
Register platform support module: C:/Program Files/Unity/Hub/Editor/2020.3.3f1/Editor/Data/PlaybackEngines/WebGLSupport/UnityEditor.WebGL.Extensions.dll
Register platform support module: C:/Program Files/Unity/Hub/Editor/2020.3.3f1/Editor/Data/PlaybackEngines/WindowsStandaloneSupport/UnityEditor.WindowsStandalone.Extensions.dll
Registered in 0.003135 seconds.
Native extension for WindowsStandalone target not found
Native extension for WebGL target not found
Refreshing native plugins compatible for Editor in 63.30 ms, found 1 plugins.
Preloading 0 native plugins for Editor in 0.00 ms.
Invoked RoslynAnalysisRunner static constructor.
RoslynAnalysisRunner will not be running.
RoslynAnalysisRunner has terminated.
Mono: successfully reloaded assembly
- Completed reload, in  2.786 seconds
Platform modules already initialized, skipping
Registering precompiled user dll's ...
Registered in 0.010306 seconds.
Begin MonoManager ReloadAssembly
Native extension for WindowsStandalone target not found
Native extension for WebGL target not found
Refreshing native plugins compatible for Editor in 67.14 ms, found 1 plugins.
Preloading 0 native plugins for Editor in 0.00 ms.
Invoked RoslynAnalysisRunner static constructor.
RoslynAnalysisRunner will not be running.
RoslynAnalysisRunner has terminated.
Mono: successfully reloaded assembly
- Completed reload, in  1.564 seconds
Platform modules already initialized, skipping
========================================================================
Worker process is ready to serve import requests
Shader 'Universal Render Pipeline/Particles/Lit': fallback shader 'Universal Render Pipeline/Particles/SimpleLit' not found
Launched and connected shader compiler UnityShaderCompiler.exe after 0.07 seconds
Refreshing native plugins compatible for Editor in 0.56 ms, found 1 plugins.
Preloading 0 native plugins for Editor in 0.00 ms.
Unloading 2385 Unused Serialized files (Serialized files now loaded: 0)
System memory in use before: 111.2 MB.
System memory in use after: 111.3 MB.

Unloading 27 unused Assets to reduce memory usage. Loaded Objects now: 2896.
Total: 3.587600 ms (FindLiveObjects: 0.439800 ms CreateObjectMapping: 0.282000 ms MarkObjects: 2.527200 ms  DeleteObjects: 0.337500 ms)

========================================================================
Received Import Request.
  path: Assets/Ludiq
  artifactKey: Guid(1f1c25471478ca44a9cb263d6a501f6a) Importer(815301076,1909f56bfc062723c751e8b465ee728b)
Start importing Assets/Ludiq using Guid(1f1c25471478ca44a9cb263d6a501f6a) Importer(815301076,1909f56bfc062723c751e8b465ee728b)  -> (artifact id: '9f42d8e8405c824afada121658236975') in 0.013909 seconds
  Import took 0.020044 seconds .

========================================================================
Received Import Request.
  Time since last request: 0.000452 seconds.
  path: Assets
  artifactKey: Guid(00000000000000001000000000000000) Importer(815301076,1909f56bfc062723c751e8b465ee728b)
Start importing Assets using Guid(00000000000000001000000000000000) Importer(815301076,1909f56bfc062723c751e8b465ee728b)  -> (artifact id: 'b2e0e235c0f4af3754229b664788db90') in 0.006854 seconds
  Import took 0.011519 seconds .

========================================================================
Received Import Request.
  Time since last request: 0.000390 seconds.
  path: Assets/Scenes
  artifactKey: Guid(a5a1096b4a6c67b41a99adef32170cd2) Importer(815301076,1909f56bfc062723c751e8b465ee728b)
Start importing Assets/Scenes using Guid(a5a1096b4a6c67b41a99adef32170cd2) Importer(815301076,1909f56bfc062723c751e8b465ee728b)  -> (artifact id: '876535564d6819877d6b9c1658cfd12a') in 0.007831 seconds
  Import took 0.012056 seconds .

========================================================================
Received Import Request.
  Time since last request: 0.000305 seconds.
  path: Assets/Bolt_1_4_15_Source.zip
  artifactKey: Guid(e43a315665b0ebb44bf66d2fbd59fde4) Importer(815301076,1909f56bfc062723c751e8b465ee728b)
Start importing Assets/Bolt_1_4_15_Source.zip using Guid(e43a315665b0ebb44bf66d2fbd59fde4) Importer(815301076,1909f56bfc062723c751e8b465ee728b)  -> (artifact id: '033d15e9882d48a66276e26d859a46c9') in 0.042430 seconds
  Import took 0.047097 seconds .

========================================================================
Received Import Request.
  Time since last request: 12.549158 seconds.
  path: Assets/UniversalRenderPipelineAsset_Renderer.asset
  artifactKey: Guid(2c797a4cdaf28e149bde6c58536414a1) Importer(815301076,1909f56bfc062723c751e8b465ee728b)
Start importing Assets/UniversalRenderPipelineAsset_Renderer.asset using Guid(2c797a4cdaf28e149bde6c58536414a1) Importer(815301076,1909f56bfc062723c751e8b465ee728b)  -> (artifact id: 'eb48a55fc803e75eff6fb4c5cc627400') in 0.057016 seconds
  Import took 0.063919 seconds .

========================================================================
Received Import Request.
  Time since last request: 0.001248 seconds.
  path: Assets/UniversalRenderPipelineAsset_Renderer.asset
  artifactKey: Guid(2c797a4cdaf28e149bde6c58536414a1) Importer(815301076,1909f56bfc062723c751e8b465ee728b)
Start importing Assets/UniversalRenderPipelineAsset_Renderer.asset using Guid(2c797a4cdaf28e149bde6c58536414a1) Importer(815301076,1909f56bfc062723c751e8b465ee728b)  -> (artifact id: 'eb48a55fc803e75eff6fb4c5cc627400') in 0.033658 seconds
  Import took 0.039504 seconds .

========================================================================
Received Import Request.
  Time since last request: 1.597057 seconds.
  path: Assets/UniversalRenderPipelineAsset.asset
  artifactKey: Guid(9f90c13cfd43ce24da127c679e2e706e) Importer(815301076,1909f56bfc062723c751e8b465ee728b)
Start importing Assets/UniversalRenderPipelineAsset.asset using Guid(9f90c13cfd43ce24da127c679e2e706e) Importer(815301076,1909f56bfc062723c751e8b465ee728b)  -> (artifact id: '82551f0f6ac1d09ec2ba17cbecfda3ee') in 0.027977 seconds
  Import took 0.036783 seconds .

========================================================================
Received Import Request.
  Time since last request: 0.047338 seconds.
  path: Assets/UniversalRenderPipelineAsset.asset
  artifactKey: Guid(9f90c13cfd43ce24da127c679e2e706e) Importer(815301076,1909f56bfc062723c751e8b465ee728b)
Start importing Assets/UniversalRenderPipelineAsset.asset using Guid(9f90c13cfd43ce24da127c679e2e706e) Importer(815301076,1909f56bfc062723c751e8b465ee728b)  -> (artifact id: '82551f0f6ac1d09ec2ba17cbecfda3ee') in 0.024407 seconds
  Import took 0.031196 seconds .

========================================================================
Received Prepare
Switching render pipeline 00000000000000000000000000000000 -> 9f90c13cfd43ce24da127c679e2e706e
Shader 'Universal Render Pipeline/Particles/Lit': fallback shader 'Universal Render Pipeline/Particles/SimpleLit' not found
Refreshing native plugins compatible for Editor in 6.80 ms, found 1 plugins.
Preloading 0 native plugins for Editor in 0.00 ms.
Unloading 68 Unused Serialized files (Serialized files now loaded: 0)
System memory in use before: 64.7 MB.
System memory in use after: 64.8 MB.

Unloading 20 unused Assets to reduce memory usage. Loaded Objects now: 2944.
Total: 4.035200 ms (FindLiveObjects: 0.660700 ms CreateObjectMapping: 0.287000 ms MarkObjects: 3.005000 ms  DeleteObjects: 0.081200 ms)

========================================================================
Received Import Request.
  Time since last request: 31.482840 seconds.
  path: Assets/UniversalRenderPipelineAsset.asset
  artifactKey: Guid(9f90c13cfd43ce24da127c679e2e706e) Importer(815301076,1909f56bfc062723c751e8b465ee728b)
Start importing Assets/UniversalRenderPipelineAsset.asset using Guid(9f90c13cfd43ce24da127c679e2e706e) Importer(815301076,1909f56bfc062723c751e8b465ee728b)  -> (artifact id: '173cc42e687c02de9faddd36b01696e3') in 0.007802 seconds
  Import took 0.011963 seconds .

========================================================================
Received Import Request.
  Time since last request: 18.313842 seconds.
  path: Assets/UniversalRenderPipelineAsset_Renderer.asset
  artifactKey: Guid(2c797a4cdaf28e149bde6c58536414a1) Importer(815301076,1909f56bfc062723c751e8b465ee728b)
Start importing Assets/UniversalRenderPipelineAsset_Renderer.asset using Guid(2c797a4cdaf28e149bde6c58536414a1) Importer(815301076,1909f56bfc062723c751e8b465ee728b)  -> (artifact id: '0b0fbd95e9e0087b8af53ddb455f0a23') in 0.006987 seconds
  Import took 0.015499 seconds .

========================================================================
Received Import Request.
  Time since last request: 12.166666 seconds.
  path: Assets/New 2D Renderer Data.asset
  artifactKey: Guid(018e137e9108e634f8350d4dd40c1f3a) Importer(815301076,1909f56bfc062723c751e8b465ee728b)
Start importing Assets/New 2D Renderer Data.asset using Guid(018e137e9108e634f8350d4dd40c1f3a) Importer(815301076,1909f56bfc062723c751e8b465ee728b)  -> (artifact id: '1b1ffe9bb2f7fa03a0e215dd3c8972cc') in 0.017111 seconds
  Import took 0.022176 seconds .

========================================================================
Received Prepare
Switching render pipeline 00000000000000000000000000000000 -> 9f90c13cfd43ce24da127c679e2e706e
Shader 'Universal Render Pipeline/Particles/Lit': fallback shader 'Universal Render Pipeline/Particles/SimpleLit' not found
Refreshing native plugins compatible for Editor in 5.38 ms, found 1 plugins.
Preloading 0 native plugins for Editor in 0.00 ms.
Unloading 22 Unused Serialized files (Serialized files now loaded: 0)
System memory in use before: 63.3 MB.
System memory in use after: 63.5 MB.

Unloading 20 unused Assets to reduce memory usage. Loaded Objects now: 2946.
Total: 3.363800 ms (FindLiveObjects: 0.287400 ms CreateObjectMapping: 0.165700 ms MarkObjects: 2.776000 ms  DeleteObjects: 0.133600 ms)

AssetImportParameters requested are different than current active one (requested -> active):
  custom:srp/default-shader: 0000e00a000e0de00000e000e02d0000 -> 0000e00a000e0de00000e000e0000000
========================================================================
Received Import Request.
  Time since last request: 16.287518 seconds.
  path: Assets/2DRenderer.asset
  artifactKey: Guid(018e137e9108e634f8350d4dd40c1f3a) Importer(815301076,1909f56bfc062723c751e8b465ee728b)
Start importing Assets/2DRenderer.asset using Guid(018e137e9108e634f8350d4dd40c1f3a) Importer(815301076,1909f56bfc062723c751e8b465ee728b)  -> (artifact id: '55b04a0585b701ebbe466a9ff7f1be82') in 0.014157 seconds
  Import took 0.018935 seconds .

========================================================================
Received Prepare
Registering precompiled user dll's ...
Registered in 0.009946 seconds.
Begin MonoManager ReloadAssembly
Native extension for WindowsStandalone target not found
Native extension for WebGL target not found
Refreshing native plugins compatible for Editor in 0.54 ms, found 1 plugins.
Preloading 0 native plugins for Editor in 0.00 ms.
Invoked RoslynAnalysisRunner static constructor.
RoslynAnalysisRunner will not be running.
RoslynAnalysisRunner has terminated.
Mono: successfully reloaded assembly
- Completed reload, in  1.390 seconds
Platform modules already initialized, skipping
Switching render pipeline 00000000000000000000000000000000 -> 9f90c13cfd43ce24da127c679e2e706e
Shader 'Universal Render Pipeline/Particles/Lit': fallback shader 'Universal Render Pipeline/Particles/SimpleLit' not found
Refreshing native plugins compatible for Editor in 0.54 ms, found 1 plugins.
Preloading 0 native plugins for Editor in 0.00 ms.
Unloading 2359 Unused Serialized files (Serialized files now loaded: 0)
System memory in use before: 110.0 MB.
System memory in use after: 110.2 MB.

Unloading 22 unused Assets to reduce memory usage. Loaded Objects now: 2983.
Total: 2.786500 ms (FindLiveObjects: 0.359400 ms CreateObjectMapping: 0.204100 ms MarkObjects: 2.139100 ms  DeleteObjects: 0.082400 ms)

AssetImportParameters requested are different than current active one (requested -> active):
  custom:srp/default-shader: 0000e00a000e0de00000e000e02d0000 -> 0000e00a000e0de00000e000e0000000
========================================================================
Received Prepare
Registering precompiled user dll's ...
Registered in 0.010396 seconds.
Begin MonoManager ReloadAssembly
Unloading broken assembly Assets/Ludiq/Assemblies/Bolt.Flow.Runtime.dll, this assembly can cause crashes in the runtime

Unloading broken assembly Assets/Ludiq/Assemblies/Bolt.Core.Runtime.dll, this assembly can cause crashes in the runtime

Native extension for WindowsStandalone target not found
Native extension for WebGL target not found
Refreshing native plugins compatible for Editor in 64.15 ms, found 1 plugins.
Preloading 0 native plugins for Editor in 0.00 ms.
Invoked RoslynAnalysisRunner static constructor.
RoslynAnalysisRunner will not be running.
RoslynAnalysisRunner has terminated.
Mono: successfully reloaded assembly
- Completed reload, in  1.260 seconds
Platform modules already initialized, skipping
Switching render pipeline 00000000000000000000000000000000 -> 9f90c13cfd43ce24da127c679e2e706e
Shader 'Universal Render Pipeline/Particles/Lit': fallback shader 'Universal Render Pipeline/Particles/SimpleLit' not found
Refreshing native plugins compatible for Editor in 0.70 ms, found 1 plugins.
Preloading 0 native plugins for Editor in 0.00 ms.
Unloading 2655 Unused Serialized files (Serialized files now loaded: 0)
System memory in use before: 118.7 MB.
System memory in use after: 118.9 MB.

Unloading 69 unused Assets to reduce memory usage. Loaded Objects now: 3230.
Total: 2.702600 ms (FindLiveObjects: 0.444600 ms CreateObjectMapping: 0.177700 ms MarkObjects: 1.754400 ms  DeleteObjects: 0.324700 ms)

AssetImportParameters requested are different than current active one (requested -> active):
  custom:srp/default-shader: 0000e00a000e0de00000e000e02d0000 -> 00a0da0d000000000000000000000000
AssetImportWorkerClient::OnTransportError - code=2 error=End of file
